<?xml version="1.0" encoding="UTF-8"?>
<testsuite xmlns:xsi="http://www.w3.org/2001/XMLSchema-instance" xsi:noNamespaceSchemaLocation="https://maven.apache.org/surefire/maven-surefire-plugin/xsd/surefire-test-report-3.0.xsd" version="3.0" name="com.ecommerce.runner.TestRunner" time="395.422" tests="13" errors="0" skipped="0" failures="1">
  <properties>
[...]
</properties>
  <testcase name="Add product to cart" classname="Shopping cart feature" time="37.563">
    <system-out><![CDATA[
Scenario: Add product to cart                                              # src/test/resources/features/Cart.feature:10
  Given user is on the application home page                               # com.ecommerce.stepdefinitions.UserLoginAndRegistrationSteps.user_is_on_the_application_home_page()
  When user enters item in search bar and submits                          # com.ecommerce.stepdefinitions.CartSteps.user_enters_item_in_search_bar_and_submits()
  And user clicks the item                                                 # com.ecommerce.stepdefinitions.CartSteps.user_clicks_the_item()
  When user is on the product details page and select color, size for item # com.ecommerce.stepdefinitions.CartSteps.user_is_on_the_product_details_page_and_select_color_size_for_item()
  And user clicks the add to cart button                                   # com.ecommerce.stepdefinitions.CartSteps.user_clicks_the_add_to_cart_button()
  Then the product should be added to the cart                             # com.ecommerce.stepdefinitions.CartSteps.the_product_should_be_added_to_the_cart()
  And the cart should display correct quantity of the added product as "1" # com.ecommerce.stepdefinitions.CartSteps.the_cart_should_display_correct_quantity_of_the_added_product_as(java.lang.String)
  And the cart should show the price of the product                        # com.ecommerce.stepdefinitions.CartSteps.the_cart_should_show_the_price_of_the_product()
]]></system-out>
    <system-err><![CDATA[SLF4J: No SLF4J providers were found.
SLF4J: Defaulting to no-operation (NOP) logger implementation
SLF4J: See https://www.slf4j.org/codes.html#noProviders for further details.
ERROR StatusLogger Log4j2 could not find a logging implementation. Please add log4j-core to the classpath. Using SimpleLogger to log to the console...
Nov 14, 2023 1:41:43 PM org.openqa.selenium.devtools.CdpVersionFinder findNearestMatch
WARNING: Unable to find an exact match for CDP version 119, so returning the closest version found: 116
]]></system-err>
  </testcase>
  <testcase name="Remove product from the cart" classname="Shopping cart feature" time="36.883">
    <system-out><![CDATA[
Scenario: Remove product from the cart                                                 # src/test/resources/features/Cart.feature:17
  Given user is on the application home page                                           # com.ecommerce.stepdefinitions.UserLoginAndRegistrationSteps.user_is_on_the_application_home_page()
  When user enters item in search bar and submits                                      # com.ecommerce.stepdefinitions.CartSteps.user_enters_item_in_search_bar_and_submits()
  And user clicks the item                                                             # com.ecommerce.stepdefinitions.CartSteps.user_clicks_the_item()
  When user add product to the cart and navigates to the cart page                     # com.ecommerce.stepdefinitions.CartSteps.user_add_product_to_the_cart_and_navigates_to_the_cart_page()
  And user clicks the item remove button                                               # com.ecommerce.stepdefinitions.CartSteps.user_clicks_the_item_remove_button()
  Then the cart page should display message "You have no items in your shopping cart." # com.ecommerce.stepdefinitions.CartSteps.the_cart_page_should_display_message(java.lang.String)
]]></system-out>
    <system-err><![CDATA[Nov 14, 2023 1:42:14 PM org.openqa.selenium.devtools.CdpVersionFinder findNearestMatch
WARNING: Unable to find an exact match for CDP version 119, so returning the closest version found: 116
]]></system-err>
  </testcase>
  <testcase name="Add multiple products to the cart" classname="Shopping cart feature" time="39.951">
    <system-out><![CDATA[
Scenario: Add multiple products to the cart          # src/test/resources/features/Cart.feature:22
  Given user is on the application home page         # com.ecommerce.stepdefinitions.UserLoginAndRegistrationSteps.user_is_on_the_application_home_page()
  When user enters item in search bar and submits    # com.ecommerce.stepdefinitions.CartSteps.user_enters_item_in_search_bar_and_submits()
  And user clicks the item                           # com.ecommerce.stepdefinitions.CartSteps.user_clicks_the_item()
  When user add first product sweatshirt to the cart # com.ecommerce.stepdefinitions.CartSteps.user_add_first_product_sweatshirt_to_the_cart()
  And user adds second product backpack to the cart  # com.ecommerce.stepdefinitions.CartSteps.user_adds_second_product_backpack_to_the_cart()
  Then cart should have multiple product             # com.ecommerce.stepdefinitions.CartSteps.cart_should_have_multiple_product()
]]></system-out>
    <system-err><![CDATA[Nov 14, 2023 1:42:52 PM org.openqa.selenium.devtools.CdpVersionFinder findNearestMatch
WARNING: Unable to find an exact match for CDP version 119, so returning the closest version found: 116
]]></system-err>
  </testcase>
  <testcase name="Update quantity of product" classname="Shopping cart feature" time="40.853">
    <system-out><![CDATA[
Scenario: Update quantity of product                                       # src/test/resources/features/Cart.feature:27
  Given user is on the application home page                               # com.ecommerce.stepdefinitions.UserLoginAndRegistrationSteps.user_is_on_the_application_home_page()
  When user enters item in search bar and submits                          # com.ecommerce.stepdefinitions.CartSteps.user_enters_item_in_search_bar_and_submits()
  And user clicks the item                                                 # com.ecommerce.stepdefinitions.CartSteps.user_clicks_the_item()
  When user is on the cart page                                            # com.ecommerce.stepdefinitions.CartSteps.user_is_on_the_cart_page()
  And user changes the quantity to "2" of the product in the cart          # com.ecommerce.stepdefinitions.CartSteps.user_changes_the_quantity_to_of_the_product_in_the_cart(java.lang.String)
  Then the cart should display the correct quantity of the updated product # com.ecommerce.stepdefinitions.CartSteps.the_cart_should_display_the_correct_quantity_of_the_updated_product()
  And the cart should update the total price based on the new quantity     # com.ecommerce.stepdefinitions.CartSteps.the_cart_should_update_the_total_price_based_on_the_new_quantity()
]]></system-out>
    <system-err><![CDATA[Nov 14, 2023 1:43:31 PM org.openqa.selenium.devtools.CdpVersionFinder findNearestMatch
WARNING: Unable to find an exact match for CDP version 119, so returning the closest version found: 116
]]></system-err>
  </testcase>
  <testcase name="Successful checkout process" classname="Checkout process feature" time="87.929">
    <system-out><![CDATA[
Scenario: Successful checkout process                                            # src/test/resources/features/CheckoutProcess.feature:5
  Given user is on the application home page                                     # com.ecommerce.stepdefinitions.UserLoginAndRegistrationSteps.user_is_on_the_application_home_page()
  When user seraches for "sweatshirt" and click on the item from search results  # com.ecommerce.stepdefinitions.CheckoutProcessSteps.user_seraches_for_and_click_on_the_item_from_search_results(java.lang.String)
  And user selects size as "M" color as "Orange" and quantity as 1               # com.ecommerce.stepdefinitions.CheckoutProcessSteps.user_selects_size_as_color_as_and_quantity_as(java.lang.String,java.lang.String,java.lang.Integer)
  And user adds product to shopping cart                                         # com.ecommerce.stepdefinitions.CheckoutProcessSteps.user_adds_product_to_shopping_cart()
  And user navigates to checkout page                                            # com.ecommerce.stepdefinitions.CheckoutProcessSteps.user_navigates_to_checkout_page()
  And user enters shipping details                                               # com.ecommerce.stepdefinitions.CheckoutProcessSteps.user_enters_shipping_details()
  And user clicks on the place order button                                      # com.ecommerce.stepdefinitions.CheckoutProcessSteps.user_clicks_on_the_place_order_button()
  Then system should display confirmation message "Thank you for your purchase!" # com.ecommerce.stepdefinitions.CheckoutProcessSteps.system_should_display_confirmation_message(java.lang.String)
]]></system-out>
    <system-err><![CDATA[Nov 14, 2023 1:44:12 PM org.openqa.selenium.devtools.CdpVersionFinder findNearestMatch
WARNING: Unable to find an exact match for CDP version 119, so returning the closest version found: 116
]]></system-err>
  </testcase>
  <testcase name="Product search using valid keyword" classname="Product search feature" time="15.201">
    <system-out><![CDATA[
Scenario: Product search using valid keyword                                     # src/test/resources/features/SearchProduct.feature:8
  Given user is on the application home page                                     # com.ecommerce.stepdefinitions.UserLoginAndRegistrationSteps.user_is_on_the_application_home_page()
  When user enters keyword "sweatshirt" in the search bar and submits the search # com.ecommerce.stepdefinitions.SearchProductSteps.user_enters_keyword_in_the_search_bar_and_submits_the_search(java.lang.String)
  Then the search result page should display product                             # com.ecommerce.stepdefinitions.SearchProductSteps.the_search_result_page_should_display_product()
  And the displayed product should have entered keyword "sweatshirt" in the name # com.ecommerce.stepdefinitions.SearchProductSteps.the_displayed_product_should_have_entered_keyword_in_the_name(java.lang.String)
]]></system-out>
    <system-err><![CDATA[Nov 14, 2023 1:45:41 PM org.openqa.selenium.devtools.CdpVersionFinder findNearestMatch
WARNING: Unable to find an exact match for CDP version 119, so returning the closest version found: 116
]]></system-err>
  </testcase>
  <testcase name="Product search using partial keyword" classname="Product search feature" time="17.493">
    <failure type="java.lang.AssertionError"><![CDATA[java.lang.AssertionError
	at org.junit.Assert.fail(Assert.java:87)
	at org.junit.Assert.assertTrue(Assert.java:42)
	at org.junit.Assert.assertTrue(Assert.java:53)
	at com.ecommerce.stepdefinitions.SearchProductSteps.search_result_page_should_not_contain_products_that_do_not_have_partial_keyword_in_the_name(SearchProductSteps.java:63)
	at ✽.search result page should not contain products that do not have partial keyword "sweat" in the name(file:///A:/BDDProjects/ecommerce/src/test/resources/features/SearchProduct.feature:16)
]]></failure>
    <system-out><![CDATA[
Scenario: Product search using partial keyword                                                            # src/test/resources/features/SearchProduct.feature:13
  Given user is on the application home page                                                              # com.ecommerce.stepdefinitions.UserLoginAndRegistrationSteps.user_is_on_the_application_home_page()
  When user enters partial keyword "sweat" in the search bar and submits the search                       # com.ecommerce.stepdefinitions.SearchProductSteps.user_enters_partial_keyword_in_the_search_bar_and_submits_the_search(java.lang.String)
  Then the search result page should display the products with keyword "sweat" in the name                # com.ecommerce.stepdefinitions.SearchProductSteps.the_search_result_page_should_display_the_products_with_keyword_in_the_name(java.lang.String)
  And search result page should not contain products that do not have partial keyword "sweat" in the name # com.ecommerce.stepdefinitions.SearchProductSteps.search_result_page_should_not_contain_products_that_do_not_have_partial_keyword_in_the_name(java.lang.String)
      java.lang.AssertionError
	at org.junit.Assert.fail(Assert.java:87)
	at org.junit.Assert.assertTrue(Assert.java:42)
	at org.junit.Assert.assertTrue(Assert.java:53)
	at com.ecommerce.stepdefinitions.SearchProductSteps.search_result_page_should_not_contain_products_that_do_not_have_partial_keyword_in_the_name(SearchProductSteps.java:63)
	at âœ½.search result page should not contain products that do not have partial keyword "sweat" in the name(file:///A:/BDDProjects/ecommerce/src/test/resources/features/SearchProduct.feature:16)


    Embedding Product_search_using_partial_keyword [image/png 64618 bytes]

]]></system-out>
    <system-err><![CDATA[Nov 14, 2023 1:45:55 PM org.openqa.selenium.devtools.CdpVersionFinder findNearestMatch
WARNING: Unable to find an exact match for CDP version 119, so returning the closest version found: 116
]]></system-err>
  </testcase>
  <testcase name="Product search using case-insensitive keyword" classname="Product search feature" time="14.726">
    <system-out><![CDATA[
Scenario: Product search using case-insensitive keyword                                          # src/test/resources/features/SearchProduct.feature:18
  Given user is on the application home page                                                     # com.ecommerce.stepdefinitions.UserLoginAndRegistrationSteps.user_is_on_the_application_home_page()
  When user enters keyword with mixed case "sWeaTshiRT" in the search bar and submits the search # com.ecommerce.stepdefinitions.SearchProductSteps.user_enters_keyword_with_mixed_case_in_the_search_bar_and_submits_the_search(java.lang.String)
  Then the search result page should display the products regardless of keyword case             # com.ecommerce.stepdefinitions.SearchProductSteps.the_search_result_page_should_display_the_products_regardless_of_keyword_case()
]]></system-out>
    <system-err><![CDATA[Nov 14, 2023 1:46:13 PM org.openqa.selenium.devtools.CdpVersionFinder findNearestMatch
WARNING: Unable to find an exact match for CDP version 119, so returning the closest version found: 116
]]></system-err>
  </testcase>
  <testcase name="Product search with valid keyword for no matching product" classname="Product search feature" time="16.362">
    <system-out><![CDATA[
Scenario: Product search with valid keyword for no matching product                                   # src/test/resources/features/SearchProduct.feature:22
  Given user is on the application home page                                                          # com.ecommerce.stepdefinitions.UserLoginAndRegistrationSteps.user_is_on_the_application_home_page()
  When user enters valid keyword "volleyball" that does not match any products and submits the search # com.ecommerce.stepdefinitions.SearchProductSteps.user_enters_valid_keyword_that_does_not_match_any_products_and_submits_the_search(java.lang.String)
  Then a message should displayed indicating "Your search returned no results"                        # com.ecommerce.stepdefinitions.SearchProductSteps.a_message_should_displayed_indicating(java.lang.String)
]]></system-out>
    <system-err><![CDATA[Nov 14, 2023 1:46:27 PM org.openqa.selenium.devtools.CdpVersionFinder findNearestMatch
WARNING: Unable to find an exact match for CDP version 119, so returning the closest version found: 116
]]></system-err>
  </testcase>
  <testcase name="Product search with multiple keywords" classname="Product search feature" time="19.15">
    <system-out><![CDATA[
Scenario: Product search with multiple keywords                                                                 # src/test/resources/features/SearchProduct.feature:26
  Given user is on the application home page                                                                    # com.ecommerce.stepdefinitions.UserLoginAndRegistrationSteps.user_is_on_the_application_home_page()
  When user enters multiple keywords "blue jacket" in the search bar and submits the search                     # com.ecommerce.stepdefinitions.SearchProductSteps.user_enters_multiple_keywords_in_the_search_bar_and_submits_the_search(java.lang.String)
  Then the search result page should display products contain any of the entered keyword in name or description # com.ecommerce.stepdefinitions.SearchProductSteps.the_search_result_page_should_display_products_contain_any_of_the_entered_keyword_in_name_or_description()
]]></system-out>
    <system-err><![CDATA[Nov 14, 2023 1:46:45 PM org.openqa.selenium.devtools.CdpVersionFinder findNearestMatch
WARNING: Unable to find an exact match for CDP version 119, so returning the closest version found: 116
]]></system-err>
  </testcase>
  <testcase name="Test user login with valid credentials" classname="User login and registration feature" time="17.483">
    <system-out><![CDATA[
Scenario: Test user login with valid credentials # src/test/resources/features/UserLoginAndRegistration.feature:9
  Given user is on the application home page     # com.ecommerce.stepdefinitions.UserLoginAndRegistrationSteps.user_is_on_the_application_home_page()
  When user navigates to login page              # com.ecommerce.stepdefinitions.UserLoginAndRegistrationSteps.user_navigates_to_login_page()
  And user login with valid email and password   # com.ecommerce.stepdefinitions.UserLoginAndRegistrationSteps.user_login_with_valid_email_and_password()
  Then user should able to login                 # com.ecommerce.stepdefinitions.UserLoginAndRegistrationSteps.user_should_able_to_login()
]]></system-out>
    <system-err><![CDATA[Nov 14, 2023 1:47:02 PM org.openqa.selenium.devtools.CdpVersionFinder findNearestMatch
WARNING: Unable to find an exact match for CDP version 119, so returning the closest version found: 116
]]></system-err>
  </testcase>
  <testcase name="Test user login with invalid credentials" classname="User login and registration feature" time="19.99">
    <system-out><![CDATA[
Scenario: Test user login with invalid credentials # src/test/resources/features/UserLoginAndRegistration.feature:14
  Given user is on the application home page       # com.ecommerce.stepdefinitions.UserLoginAndRegistrationSteps.user_is_on_the_application_home_page()
  When user navigates to login page                # com.ecommerce.stepdefinitions.UserLoginAndRegistrationSteps.user_navigates_to_login_page()
  And user login with invalid email and password   # com.ecommerce.stepdefinitions.UserLoginAndRegistrationSteps.user_login_with_invalid_email_and_password()
  Then user should not able to login               # com.ecommerce.stepdefinitions.UserLoginAndRegistrationSteps.user_should_not_able_to_login()
]]></system-out>
    <system-err><![CDATA[Nov 14, 2023 1:47:20 PM org.openqa.selenium.devtools.CdpVersionFinder findNearestMatch
WARNING: Unable to find an exact match for CDP version 119, so returning the closest version found: 116
]]></system-err>
  </testcase>
  <testcase name="Test user register new account" classname="User login and registration feature" time="21.385">
    <system-out><![CDATA[
Scenario: Test user register new account                                                               # src/test/resources/features/UserLoginAndRegistration.feature:19
  Given user is on the application home page                                                           # com.ecommerce.stepdefinitions.UserLoginAndRegistrationSteps.user_is_on_the_application_home_page()
  When user navigates to new customer account page                                                     # com.ecommerce.stepdefinitions.UserLoginAndRegistrationSteps.user_navigates_to_new_customer_account_page()
  And user enter personal information                                                                  # com.ecommerce.stepdefinitions.UserLoginAndRegistrationSteps.user_enter_personal_information()
  And user enter sign-in information                                                                   # com.ecommerce.stepdefinitions.UserLoginAndRegistrationSteps.user_enter_sign_in_information()
  Then user should land on my account page and page title should be "My Account"                       # com.ecommerce.stepdefinitions.UserLoginAndRegistrationSteps.user_should_land_on_my_account_page_and_page_title_should_be(java.lang.String)
  And user account should be created with message "Thank you for registering with Main Website Store." # com.ecommerce.stepdefinitions.UserLoginAndRegistrationSteps.user_account_should_be_created_with_message(java.lang.String)
]]></system-out>
    <system-err><![CDATA[Nov 14, 2023 1:47:39 PM org.openqa.selenium.devtools.CdpVersionFinder findNearestMatch
WARNING: Unable to find an exact match for CDP version 119, so returning the closest version found: 116
]]></system-err>
  </testcase>
</testsuite>