<?xml version="1.0" encoding="UTF-8"?>
<testsuite xmlns:xsi="http://www.w3.org/2001/XMLSchema-instance" xsi:noNamespaceSchemaLocation="https://maven.apache.org/surefire/maven-surefire-plugin/xsd/surefire-test-report-3.0.xsd" version="3.0" name="com.ecommerce.runner.TestRunner" time="86.812" tests="3" errors="0" skipped="0" failures="1">
  <properties>
[...]
</properties>
  <testcase name="Test user login with valid credentials" classname="User login and registration feature" time="32.307">
    <system-out><![CDATA[
Scenario: Test user login with valid credentials # src/test/resources/features/UserLoginAndRegistration.feature:9
  Given user is on the application home page     # com.ecommerce.stepdefinitions.UserLoginAndRegistrationSteps.user_is_on_the_application_home_page()
  When user navigates to login page              # com.ecommerce.stepdefinitions.UserLoginAndRegistrationSteps.user_navigates_to_login_page()
  And user login with valid email and password   # com.ecommerce.stepdefinitions.UserLoginAndRegistrationSteps.user_login_with_valid_email_and_password()
  Then user should able to login                 # com.ecommerce.stepdefinitions.UserLoginAndRegistrationSteps.user_should_able_to_login()
]]></system-out>
    <system-err><![CDATA[SLF4J: No SLF4J providers were found.
SLF4J: Defaulting to no-operation (NOP) logger implementation
SLF4J: See https://www.slf4j.org/codes.html#noProviders for further details.
Oct 25, 2023 10:45:22 PM org.openqa.selenium.devtools.CdpVersionFinder findNearestMatch
WARNING: Unable to find an exact match for CDP version 118, so returning the closest version found: 116
]]></system-err>
  </testcase>
  <testcase name="Test user login with invalid credentials" classname="User login and registration feature" time="21.062">
    <system-out><![CDATA[
Scenario: Test user login with invalid credentials # src/test/resources/features/UserLoginAndRegistration.feature:14
  Given user is on the application home page       # com.ecommerce.stepdefinitions.UserLoginAndRegistrationSteps.user_is_on_the_application_home_page()
  When user navigates to login page                # com.ecommerce.stepdefinitions.UserLoginAndRegistrationSteps.user_navigates_to_login_page()
  And user login with invalid email and password   # com.ecommerce.stepdefinitions.UserLoginAndRegistrationSteps.user_login_with_invalid_email_and_password()
  Then user should not able to login               # com.ecommerce.stepdefinitions.UserLoginAndRegistrationSteps.user_should_not_able_to_login()
]]></system-out>
    <system-err><![CDATA[Oct 25, 2023 10:45:49 PM org.openqa.selenium.devtools.CdpVersionFinder findNearestMatch
WARNING: Unable to find an exact match for CDP version 118, so returning the closest version found: 116
]]></system-err>
  </testcase>
  <testcase name="Test user register new account" classname="User login and registration feature" time="29.791">
    <failure type="java.lang.AssertionError"><![CDATA[java.lang.AssertionError
	at org.junit.Assert.fail(Assert.java:87)
	at org.junit.Assert.assertTrue(Assert.java:42)
	at org.junit.Assert.assertTrue(Assert.java:53)
	at com.ecommerce.stepdefinitions.UserLoginAndRegistrationSteps.user_account_should_be_created_with_message(UserLoginAndRegistrationSteps.java:95)
	at ✽.user account should be created with message "Thank you for registering with Main Website Store."(file:///A:/BDDProjects/ecommerce/src/test/resources/features/UserLoginAndRegistration.feature:24)
]]></failure>
    <system-out><![CDATA[
Scenario: Test user register new account                                                               # src/test/resources/features/UserLoginAndRegistration.feature:19
  Given user is on the application home page                                                           # com.ecommerce.stepdefinitions.UserLoginAndRegistrationSteps.user_is_on_the_application_home_page()
  When user navigates to new customer account page                                                     # com.ecommerce.stepdefinitions.UserLoginAndRegistrationSteps.user_navigates_to_new_customer_account_page()
  And user enter personal information                                                                  # com.ecommerce.stepdefinitions.UserLoginAndRegistrationSteps.user_enter_personal_information()
  And user enter sign-in information                                                                   # com.ecommerce.stepdefinitions.UserLoginAndRegistrationSteps.user_enter_sign_in_information()
  Then user should land on my account page and page title should be "My Account"                       # com.ecommerce.stepdefinitions.UserLoginAndRegistrationSteps.user_should_land_on_my_account_page_and_page_title_should_be(java.lang.String)
  And user account should be created with message "Thank you for registering with Main Website Store." # com.ecommerce.stepdefinitions.UserLoginAndRegistrationSteps.user_account_should_be_created_with_message(java.lang.String)
      java.lang.AssertionError
	at org.junit.Assert.fail(Assert.java:87)
	at org.junit.Assert.assertTrue(Assert.java:42)
	at org.junit.Assert.assertTrue(Assert.java:53)
	at com.ecommerce.stepdefinitions.UserLoginAndRegistrationSteps.user_account_should_be_created_with_message(UserLoginAndRegistrationSteps.java:95)
	at âœ½.user account should be created with message "Thank you for registering with Main Website Store."(file:///A:/BDDProjects/ecommerce/src/test/resources/features/UserLoginAndRegistration.feature:24)


    Embedding Test_user_register_new_account [image/png 72954 bytes]

]]></system-out>
    <system-err><![CDATA[Oct 25, 2023 10:46:10 PM org.openqa.selenium.devtools.CdpVersionFinder findNearestMatch
WARNING: Unable to find an exact match for CDP version 118, so returning the closest version found: 116
]]></system-err>
  </testcase>
</testsuite>